[INFO] [2018-01-15 15:49:21][org.springframework.test.context.support.DefaultTestContextBootstrapper]Loaded default TestExecutionListener class names from location [META-INF/spring.factories]: [org.springframework.test.context.web.ServletTestExecutionListener, org.springframework.test.context.support.DirtiesContextBeforeModesTestExecutionListener, org.springframework.test.context.support.DependencyInjectionTestExecutionListener, org.springframework.test.context.support.DirtiesContextTestExecutionListener, org.springframework.test.context.transaction.TransactionalTestExecutionListener, org.springframework.test.context.jdbc.SqlScriptsTestExecutionListener]
[INFO] [2018-01-15 15:49:21][org.springframework.test.context.support.DefaultTestContextBootstrapper]Using TestExecutionListeners: [org.springframework.test.context.web.ServletTestExecutionListener@6e1567f1, org.springframework.test.context.support.DirtiesContextBeforeModesTestExecutionListener@5cb9f472, org.springframework.test.context.support.DependencyInjectionTestExecutionListener@cb644e, org.springframework.test.context.support.DirtiesContextTestExecutionListener@13805618, org.springframework.test.context.transaction.TransactionalTestExecutionListener@56ef9176, org.springframework.test.context.jdbc.SqlScriptsTestExecutionListener@4566e5bd]
[INFO] [2018-01-15 15:49:21][org.springframework.beans.factory.xml.XmlBeanDefinitionReader]Loading XML bean definitions from class path resource [spring-mybatis.xml]
[INFO] [2018-01-15 15:49:22][org.springframework.context.support.GenericApplicationContext]Refreshing org.springframework.context.support.GenericApplicationContext@3cef309d: startup date [Mon Jan 15 15:49:22 CST 2018]; root of context hierarchy
[INFO] [2018-01-15 15:49:23][org.springframework.beans.factory.annotation.AutowiredAnnotationBeanPostProcessor]JSR-330 'javax.inject.Inject' annotation found and supported for autowiring
[INFO] [2018-01-15 15:49:23][org.springframework.context.support.GenericApplicationContext]Closing org.springframework.context.support.GenericApplicationContext@3cef309d: startup date [Mon Jan 15 15:49:22 CST 2018]; root of context hierarchy
[INFO] [2018-01-15 15:56:07][org.springframework.test.context.support.DefaultTestContextBootstrapper]Loaded default TestExecutionListener class names from location [META-INF/spring.factories]: [org.springframework.test.context.web.ServletTestExecutionListener, org.springframework.test.context.support.DirtiesContextBeforeModesTestExecutionListener, org.springframework.test.context.support.DependencyInjectionTestExecutionListener, org.springframework.test.context.support.DirtiesContextTestExecutionListener, org.springframework.test.context.transaction.TransactionalTestExecutionListener, org.springframework.test.context.jdbc.SqlScriptsTestExecutionListener]
[INFO] [2018-01-15 15:56:07][org.springframework.test.context.support.DefaultTestContextBootstrapper]Using TestExecutionListeners: [org.springframework.test.context.web.ServletTestExecutionListener@490ab905, org.springframework.test.context.support.DirtiesContextBeforeModesTestExecutionListener@56ac3a89, org.springframework.test.context.support.DependencyInjectionTestExecutionListener@27c20538, org.springframework.test.context.support.DirtiesContextTestExecutionListener@72d818d1, org.springframework.test.context.transaction.TransactionalTestExecutionListener@6e06451e, org.springframework.test.context.jdbc.SqlScriptsTestExecutionListener@59494225]
[INFO] [2018-01-15 15:56:07][org.springframework.beans.factory.xml.XmlBeanDefinitionReader]Loading XML bean definitions from class path resource [src/main/resources/spring-mybatis.xml]
[ERROR] [2018-01-15 15:56:07][org.springframework.test.context.TestContextManager]Caught exception while allowing TestExecutionListener [org.springframework.test.context.support.DependencyInjectionTestExecutionListener@27c20538] to prepare test instance [com.wisetrust.testMybatis.TestMybatis@76a3e297]
java.lang.IllegalStateException: Failed to load ApplicationContext
	at org.springframework.test.context.cache.DefaultCacheAwareContextLoaderDelegate.loadContext(DefaultCacheAwareContextLoaderDelegate.java:125)
	at org.springframework.test.context.support.DefaultTestContext.getApplicationContext(DefaultTestContext.java:107)
	at org.springframework.test.context.support.DependencyInjectionTestExecutionListener.injectDependencies(DependencyInjectionTestExecutionListener.java:117)
	at org.springframework.test.context.support.DependencyInjectionTestExecutionListener.prepareTestInstance(DependencyInjectionTestExecutionListener.java:83)
	at org.springframework.test.context.TestContextManager.prepareTestInstance(TestContextManager.java:242)
	at org.springframework.test.context.junit4.SpringJUnit4ClassRunner.createTest(SpringJUnit4ClassRunner.java:227)
	at org.springframework.test.context.junit4.SpringJUnit4ClassRunner$1.runReflectiveCall(SpringJUnit4ClassRunner.java:289)
	at org.junit.internal.runners.model.ReflectiveCallable.run(ReflectiveCallable.java:12)
	at org.springframework.test.context.junit4.SpringJUnit4ClassRunner.methodBlock(SpringJUnit4ClassRunner.java:291)
	at org.springframework.test.context.junit4.SpringJUnit4ClassRunner.runChild(SpringJUnit4ClassRunner.java:246)
	at org.springframework.test.context.junit4.SpringJUnit4ClassRunner.runChild(SpringJUnit4ClassRunner.java:97)
	at org.junit.runners.ParentRunner$3.run(ParentRunner.java:290)
	at org.junit.runners.ParentRunner$1.schedule(ParentRunner.java:71)
	at org.junit.runners.ParentRunner.runChildren(ParentRunner.java:288)
	at org.junit.runners.ParentRunner.access$000(ParentRunner.java:58)
	at org.junit.runners.ParentRunner$2.evaluate(ParentRunner.java:268)
	at org.springframework.test.context.junit4.statements.RunBeforeTestClassCallbacks.evaluate(RunBeforeTestClassCallbacks.java:61)
	at org.springframework.test.context.junit4.statements.RunAfterTestClassCallbacks.evaluate(RunAfterTestClassCallbacks.java:70)
	at org.junit.runners.ParentRunner.run(ParentRunner.java:363)
	at org.springframework.test.context.junit4.SpringJUnit4ClassRunner.run(SpringJUnit4ClassRunner.java:190)
	at org.eclipse.jdt.internal.junit4.runner.JUnit4TestReference.run(JUnit4TestReference.java:86)
	at org.eclipse.jdt.internal.junit.runner.TestExecution.run(TestExecution.java:38)
	at org.eclipse.jdt.internal.junit.runner.RemoteTestRunner.runTests(RemoteTestRunner.java:459)
	at org.eclipse.jdt.internal.junit.runner.RemoteTestRunner.runTests(RemoteTestRunner.java:675)
	at org.eclipse.jdt.internal.junit.runner.RemoteTestRunner.run(RemoteTestRunner.java:382)
	at org.eclipse.jdt.internal.junit.runner.RemoteTestRunner.main(RemoteTestRunner.java:192)
Caused by: org.springframework.beans.factory.BeanDefinitionStoreException: IOException parsing XML document from class path resource [src/main/resources/spring-mybatis.xml]; nested exception is java.io.FileNotFoundException: class path resource [src/main/resources/spring-mybatis.xml] cannot be opened because it does not exist
	at org.springframework.beans.factory.xml.XmlBeanDefinitionReader.loadBeanDefinitions(XmlBeanDefinitionReader.java:343)
	at org.springframework.beans.factory.xml.XmlBeanDefinitionReader.loadBeanDefinitions(XmlBeanDefinitionReader.java:303)
	at org.springframework.beans.factory.support.AbstractBeanDefinitionReader.loadBeanDefinitions(AbstractBeanDefinitionReader.java:187)
	at org.springframework.beans.factory.support.AbstractBeanDefinitionReader.loadBeanDefinitions(AbstractBeanDefinitionReader.java:223)
	at org.springframework.beans.factory.support.AbstractBeanDefinitionReader.loadBeanDefinitions(AbstractBeanDefinitionReader.java:194)
	at org.springframework.beans.factory.support.AbstractBeanDefinitionReader.loadBeanDefinitions(AbstractBeanDefinitionReader.java:258)
	at org.springframework.test.context.support.AbstractGenericContextLoader.loadBeanDefinitions(AbstractGenericContextLoader.java:257)
	at org.springframework.test.context.support.AbstractGenericContextLoader.loadContext(AbstractGenericContextLoader.java:124)
	at org.springframework.test.context.support.AbstractGenericContextLoader.loadContext(AbstractGenericContextLoader.java:60)
	at org.springframework.test.context.support.AbstractDelegatingSmartContextLoader.delegateLoading(AbstractDelegatingSmartContextLoader.java:109)
	at org.springframework.test.context.support.AbstractDelegatingSmartContextLoader.loadContext(AbstractDelegatingSmartContextLoader.java:246)
	at org.springframework.test.context.cache.DefaultCacheAwareContextLoaderDelegate.loadContextInternal(DefaultCacheAwareContextLoaderDelegate.java:99)
	at org.springframework.test.context.cache.DefaultCacheAwareContextLoaderDelegate.loadContext(DefaultCacheAwareContextLoaderDelegate.java:117)
	... 25 more
Caused by: java.io.FileNotFoundException: class path resource [src/main/resources/spring-mybatis.xml] cannot be opened because it does not exist
	at org.springframework.core.io.ClassPathResource.getInputStream(ClassPathResource.java:180)
	at org.springframework.beans.factory.xml.XmlBeanDefinitionReader.loadBeanDefinitions(XmlBeanDefinitionReader.java:329)
	... 37 more
[INFO] [2018-01-15 15:56:30][org.springframework.test.context.support.DefaultTestContextBootstrapper]Loaded default TestExecutionListener class names from location [META-INF/spring.factories]: [org.springframework.test.context.web.ServletTestExecutionListener, org.springframework.test.context.support.DirtiesContextBeforeModesTestExecutionListener, org.springframework.test.context.support.DependencyInjectionTestExecutionListener, org.springframework.test.context.support.DirtiesContextTestExecutionListener, org.springframework.test.context.transaction.TransactionalTestExecutionListener, org.springframework.test.context.jdbc.SqlScriptsTestExecutionListener]
[INFO] [2018-01-15 15:56:30][org.springframework.test.context.support.DefaultTestContextBootstrapper]Using TestExecutionListeners: [org.springframework.test.context.web.ServletTestExecutionListener@490ab905, org.springframework.test.context.support.DirtiesContextBeforeModesTestExecutionListener@56ac3a89, org.springframework.test.context.support.DependencyInjectionTestExecutionListener@27c20538, org.springframework.test.context.support.DirtiesContextTestExecutionListener@72d818d1, org.springframework.test.context.transaction.TransactionalTestExecutionListener@6e06451e, org.springframework.test.context.jdbc.SqlScriptsTestExecutionListener@59494225]
[INFO] [2018-01-15 15:56:30][org.springframework.beans.factory.xml.XmlBeanDefinitionReader]Loading XML bean definitions from class path resource [spring-mybatis.xml]
[INFO] [2018-01-15 15:56:30][org.springframework.context.support.GenericApplicationContext]Refreshing org.springframework.context.support.GenericApplicationContext@551aa95a: startup date [Mon Jan 15 15:56:30 CST 2018]; root of context hierarchy
[INFO] [2018-01-15 15:56:31][org.springframework.beans.factory.annotation.AutowiredAnnotationBeanPostProcessor]JSR-330 'javax.inject.Inject' annotation found and supported for autowiring
[INFO] [2018-01-15 15:56:31][org.springframework.context.support.GenericApplicationContext]Closing org.springframework.context.support.GenericApplicationContext@551aa95a: startup date [Mon Jan 15 15:56:30 CST 2018]; root of context hierarchy
[INFO] [2018-01-15 16:00:40][org.springframework.test.context.support.DefaultTestContextBootstrapper]Loaded default TestExecutionListener class names from location [META-INF/spring.factories]: [org.springframework.test.context.web.ServletTestExecutionListener, org.springframework.test.context.support.DirtiesContextBeforeModesTestExecutionListener, org.springframework.test.context.support.DependencyInjectionTestExecutionListener, org.springframework.test.context.support.DirtiesContextTestExecutionListener, org.springframework.test.context.transaction.TransactionalTestExecutionListener, org.springframework.test.context.jdbc.SqlScriptsTestExecutionListener]
[INFO] [2018-01-15 16:00:40][org.springframework.test.context.support.DefaultTestContextBootstrapper]Using TestExecutionListeners: [org.springframework.test.context.web.ServletTestExecutionListener@490ab905, org.springframework.test.context.support.DirtiesContextBeforeModesTestExecutionListener@56ac3a89, org.springframework.test.context.support.DependencyInjectionTestExecutionListener@27c20538, org.springframework.test.context.support.DirtiesContextTestExecutionListener@72d818d1, org.springframework.test.context.transaction.TransactionalTestExecutionListener@6e06451e, org.springframework.test.context.jdbc.SqlScriptsTestExecutionListener@59494225]
[INFO] [2018-01-15 16:00:40][org.springframework.beans.factory.xml.XmlBeanDefinitionReader]Loading XML bean definitions from class path resource [spring-mybatis.xml]
[INFO] [2018-01-15 16:00:41][org.springframework.context.support.GenericApplicationContext]Refreshing org.springframework.context.support.GenericApplicationContext@551aa95a: startup date [Mon Jan 15 16:00:41 CST 2018]; root of context hierarchy
[INFO] [2018-01-15 16:00:41][org.springframework.beans.factory.annotation.AutowiredAnnotationBeanPostProcessor]JSR-330 'javax.inject.Inject' annotation found and supported for autowiring
[INFO] [2018-01-15 16:00:41][org.springframework.context.support.GenericApplicationContext]Closing org.springframework.context.support.GenericApplicationContext@551aa95a: startup date [Mon Jan 15 16:00:41 CST 2018]; root of context hierarchy
[INFO] [2018-01-15 16:05:21][org.springframework.test.context.support.DefaultTestContextBootstrapper]Loaded default TestExecutionListener class names from location [META-INF/spring.factories]: [org.springframework.test.context.web.ServletTestExecutionListener, org.springframework.test.context.support.DirtiesContextBeforeModesTestExecutionListener, org.springframework.test.context.support.DependencyInjectionTestExecutionListener, org.springframework.test.context.support.DirtiesContextTestExecutionListener, org.springframework.test.context.transaction.TransactionalTestExecutionListener, org.springframework.test.context.jdbc.SqlScriptsTestExecutionListener]
[INFO] [2018-01-15 16:05:21][org.springframework.test.context.support.DefaultTestContextBootstrapper]Using TestExecutionListeners: [org.springframework.test.context.web.ServletTestExecutionListener@490ab905, org.springframework.test.context.support.DirtiesContextBeforeModesTestExecutionListener@56ac3a89, org.springframework.test.context.support.DependencyInjectionTestExecutionListener@27c20538, org.springframework.test.context.support.DirtiesContextTestExecutionListener@72d818d1, org.springframework.test.context.transaction.TransactionalTestExecutionListener@6e06451e, org.springframework.test.context.jdbc.SqlScriptsTestExecutionListener@59494225]
[INFO] [2018-01-15 16:05:21][org.springframework.beans.factory.xml.XmlBeanDefinitionReader]Loading XML bean definitions from class path resource [spring-mybatis.xml]
[INFO] [2018-01-15 16:05:22][org.springframework.context.support.GenericApplicationContext]Refreshing org.springframework.context.support.GenericApplicationContext@551aa95a: startup date [Mon Jan 15 16:05:22 CST 2018]; root of context hierarchy
[INFO] [2018-01-15 16:05:22][org.springframework.beans.factory.annotation.AutowiredAnnotationBeanPostProcessor]JSR-330 'javax.inject.Inject' annotation found and supported for autowiring
[INFO] [2018-01-15 16:05:23][org.springframework.context.support.GenericApplicationContext]Closing org.springframework.context.support.GenericApplicationContext@551aa95a: startup date [Mon Jan 15 16:05:22 CST 2018]; root of context hierarchy
[INFO] [2018-01-15 16:06:35][org.springframework.test.context.support.DefaultTestContextBootstrapper]Loaded default TestExecutionListener class names from location [META-INF/spring.factories]: [org.springframework.test.context.web.ServletTestExecutionListener, org.springframework.test.context.support.DirtiesContextBeforeModesTestExecutionListener, org.springframework.test.context.support.DependencyInjectionTestExecutionListener, org.springframework.test.context.support.DirtiesContextTestExecutionListener, org.springframework.test.context.transaction.TransactionalTestExecutionListener, org.springframework.test.context.jdbc.SqlScriptsTestExecutionListener]
[INFO] [2018-01-15 16:06:35][org.springframework.test.context.support.DefaultTestContextBootstrapper]Using TestExecutionListeners: [org.springframework.test.context.web.ServletTestExecutionListener@490ab905, org.springframework.test.context.support.DirtiesContextBeforeModesTestExecutionListener@56ac3a89, org.springframework.test.context.support.DependencyInjectionTestExecutionListener@27c20538, org.springframework.test.context.support.DirtiesContextTestExecutionListener@72d818d1, org.springframework.test.context.transaction.TransactionalTestExecutionListener@6e06451e, org.springframework.test.context.jdbc.SqlScriptsTestExecutionListener@59494225]
[INFO] [2018-01-15 16:06:35][org.springframework.beans.factory.xml.XmlBeanDefinitionReader]Loading XML bean definitions from class path resource [spring-mybatis.xml]
[INFO] [2018-01-15 16:06:35][org.springframework.context.support.GenericApplicationContext]Refreshing org.springframework.context.support.GenericApplicationContext@551aa95a: startup date [Mon Jan 15 16:06:35 CST 2018]; root of context hierarchy
[INFO] [2018-01-15 16:06:35][org.springframework.beans.factory.annotation.AutowiredAnnotationBeanPostProcessor]JSR-330 'javax.inject.Inject' annotation found and supported for autowiring
[INFO] [2018-01-15 16:06:37][org.springframework.context.support.GenericApplicationContext]Closing org.springframework.context.support.GenericApplicationContext@551aa95a: startup date [Mon Jan 15 16:06:35 CST 2018]; root of context hierarchy
[INFO] [2018-01-15 16:10:28][org.springframework.test.context.support.DefaultTestContextBootstrapper]Loaded default TestExecutionListener class names from location [META-INF/spring.factories]: [org.springframework.test.context.web.ServletTestExecutionListener, org.springframework.test.context.support.DirtiesContextBeforeModesTestExecutionListener, org.springframework.test.context.support.DependencyInjectionTestExecutionListener, org.springframework.test.context.support.DirtiesContextTestExecutionListener, org.springframework.test.context.transaction.TransactionalTestExecutionListener, org.springframework.test.context.jdbc.SqlScriptsTestExecutionListener]
[INFO] [2018-01-15 16:10:28][org.springframework.test.context.support.DefaultTestContextBootstrapper]Using TestExecutionListeners: [org.springframework.test.context.web.ServletTestExecutionListener@490ab905, org.springframework.test.context.support.DirtiesContextBeforeModesTestExecutionListener@56ac3a89, org.springframework.test.context.support.DependencyInjectionTestExecutionListener@27c20538, org.springframework.test.context.support.DirtiesContextTestExecutionListener@72d818d1, org.springframework.test.context.transaction.TransactionalTestExecutionListener@6e06451e, org.springframework.test.context.jdbc.SqlScriptsTestExecutionListener@59494225]
[INFO] [2018-01-15 16:10:28][org.springframework.beans.factory.xml.XmlBeanDefinitionReader]Loading XML bean definitions from class path resource [spring-mybatis.xml]
[INFO] [2018-01-15 16:10:28][org.springframework.context.support.GenericApplicationContext]Refreshing org.springframework.context.support.GenericApplicationContext@551aa95a: startup date [Mon Jan 15 16:10:28 CST 2018]; root of context hierarchy
[INFO] [2018-01-15 16:10:29][org.springframework.beans.factory.annotation.AutowiredAnnotationBeanPostProcessor]JSR-330 'javax.inject.Inject' annotation found and supported for autowiring
[INFO] [2018-01-15 16:10:30][com.wisetrust.testMybatis.TestMybatis]{"cellphone":"13520098765","gmtCreate":1511760942000,"gmtModified":1513043871000,"id":1,"lastLoginTime":1512355806000,"loginName":"lizehui","password":"AC5A972A00B321047A4F06AA6B28B22FBEEECBB0","pos":"开发","salt":"1FA058D354B79CA0","status":1,"type":1}
[INFO] [2018-01-15 16:10:30][org.springframework.context.support.GenericApplicationContext]Closing org.springframework.context.support.GenericApplicationContext@551aa95a: startup date [Mon Jan 15 16:10:28 CST 2018]; root of context hierarchy
[INFO] [2018-01-15 16:15:51][org.springframework.test.context.support.DefaultTestContextBootstrapper]Loaded default TestExecutionListener class names from location [META-INF/spring.factories]: [org.springframework.test.context.web.ServletTestExecutionListener, org.springframework.test.context.support.DirtiesContextBeforeModesTestExecutionListener, org.springframework.test.context.support.DependencyInjectionTestExecutionListener, org.springframework.test.context.support.DirtiesContextTestExecutionListener, org.springframework.test.context.transaction.TransactionalTestExecutionListener, org.springframework.test.context.jdbc.SqlScriptsTestExecutionListener]
[INFO] [2018-01-15 16:15:51][org.springframework.test.context.support.DefaultTestContextBootstrapper]Using TestExecutionListeners: [org.springframework.test.context.web.ServletTestExecutionListener@490ab905, org.springframework.test.context.support.DirtiesContextBeforeModesTestExecutionListener@56ac3a89, org.springframework.test.context.support.DependencyInjectionTestExecutionListener@27c20538, org.springframework.test.context.support.DirtiesContextTestExecutionListener@72d818d1, org.springframework.test.context.transaction.TransactionalTestExecutionListener@6e06451e, org.springframework.test.context.jdbc.SqlScriptsTestExecutionListener@59494225]
[INFO] [2018-01-15 16:15:51][org.springframework.beans.factory.xml.XmlBeanDefinitionReader]Loading XML bean definitions from class path resource [spring-mybatis.xml]
[INFO] [2018-01-15 16:15:52][org.springframework.context.support.GenericApplicationContext]Refreshing org.springframework.context.support.GenericApplicationContext@551aa95a: startup date [Mon Jan 15 16:15:52 CST 2018]; root of context hierarchy
[INFO] [2018-01-15 16:15:52][org.springframework.beans.factory.annotation.AutowiredAnnotationBeanPostProcessor]JSR-330 'javax.inject.Inject' annotation found and supported for autowiring
[INFO] [2018-01-15 16:15:54][com.wisetrust.testMybatis.TestMybatis]{"cellphone":"13520098765","gmtCreate":1511760942000,"gmtModified":1513043871000,"id":1,"lastLoginTime":1512355806000,"loginName":"lizehui","password":"AC5A972A00B321047A4F06AA6B28B22FBEEECBB0","pos":"开发","salt":"1FA058D354B79CA0","status":1,"type":1}
[INFO] [2018-01-15 16:15:54][org.springframework.context.support.GenericApplicationContext]Closing org.springframework.context.support.GenericApplicationContext@551aa95a: startup date [Mon Jan 15 16:15:52 CST 2018]; root of context hierarchy
